Compiling build :app to "target/cljsbuild/public/js/app.js" from ["src/cljs" "src/cljc" "env/dev/cljs"]...
[31mFailed to compile build :app from ["src/cljs" "src/cljc" "env/dev/cljs"] in 4.635 seconds.[0m
[36m----  Exception    ----[0m

  [1mAssert failed: file:/Users/concerto/cs/landschaften/src/cljs/landschaften/views.cljs does not provide a namespace
(first provides)[0m

[36m----  Exception Stack Trace  ----[0m

java.lang.AssertionError: Assert failed: file:/Users/concerto/cs/landschaften/src/cljs/landschaften/views.cljs does not provide a namespace
(first provides)
 at cljs.closure$javascript_file.invokeStatic (closure.clj:497)
    cljs.closure$javascript_file.invoke (closure.clj:493)
    cljs.closure$map__GT_javascript_file.invokeStatic (closure.clj:502)
    cljs.closure$map__GT_javascript_file.invoke (closure.clj:500)
    cljs.closure$compiled_file.invokeStatic (closure.clj:585)
    cljs.closure$compiled_file.invoke (closure.clj:577)
    cljs.closure$compile_file.invokeStatic (closure.clj:647)
    cljs.closure$compile_file.invoke (closure.clj:625)
    cljs.closure$fn__5175.invokeStatic (closure.clj:721)
    cljs.closure/fn (closure.clj:715)
    cljs.closure$fn__5088$G__5081__5095.invoke (closure.clj:543)
    cljs.closure$compile_sources$iter__5301__5305$fn__5306.invoke (closure.clj:1081)
    clojure.lang.LazySeq.sval (LazySeq.java:40)
    clojure.lang.LazySeq.seq (LazySeq.java:49)
    clojure.lang.Cons.next (Cons.java:39)
    clojure.lang.RT.next (RT.java:706)
    clojure.core$next__5108.invokeStatic (core.clj:64)
    clojure.core$dorun.invokeStatic (core.clj:3134)
    clojure.core$doall.invokeStatic (core.clj:3140)
    clojure.core$doall.invoke (core.clj:3140)
    cljs.closure$compile_sources.invokeStatic (closure.clj:1077)
    cljs.closure$compile_sources.invoke (closure.clj:1066)
    cljs.closure$build.invokeStatic (closure.clj:2930)
    cljs.closure$build.invoke (closure.clj:2838)
    cljs.build.api$build.invokeStatic (api.clj:208)
    cljs.build.api$build.invoke (api.clj:189)
    figwheel_sidecar.components.cljs_autobuild$cljs_build.invokeStatic (cljs_autobuild.clj:28)
    figwheel_sidecar.components.cljs_autobuild$cljs_build.invoke (cljs_autobuild.clj:27)
    figwheel_sidecar.build_middleware.injection$hook$fn__22121.invoke (injection.clj:94)
    figwheel_sidecar.components.cljs_autobuild$notify_command_hook$fn__22443.invoke (cljs_autobuild.clj:69)
    figwheel_sidecar.components.cljs_autobuild$figwheel_start_and_end_messages$fn__22433.invoke (cljs_autobuild.clj:48)
    figwheel_sidecar.build_middleware.notifications$hook$fn__22302.invoke (notifications.clj:179)
    figwheel_sidecar.build_middleware.clj_reloading$hook$fn__22359.invoke (clj_reloading.clj:111)
    figwheel_sidecar.build_middleware.javascript_reloading$hook$fn__22392.invoke (javascript_reloading.clj:48)
    figwheel_sidecar.components.cljs_autobuild$color_output$fn__22447.invoke (cljs_autobuild.clj:80)
    figwheel_sidecar.components.cljs_autobuild$execute_build$fn__22489.invoke (cljs_autobuild.clj:234)
    figwheel_sidecar.utils$sync_exec$fn__1495$fn__1496.invoke (utils.clj:13)
    figwheel_sidecar.utils$sync_exec$fn__1495.invoke (utils.clj:12)
    clojure.core$binding_conveyor_fn$fn__5476.invoke (core.clj:2025)
    clojure.lang.AFn.applyToHelper (AFn.java:154)
    clojure.lang.RestFn.applyTo (RestFn.java:132)
    clojure.lang.Agent$Action.doRun (Agent.java:114)
    clojure.lang.Agent$Action.run (Agent.java:163)
    java.util.concurrent.ThreadPoolExecutor.runWorker (ThreadPoolExecutor.java:1142)
    java.util.concurrent.ThreadPoolExecutor$Worker.run (ThreadPoolExecutor.java:617)
    java.lang.Thread.run (Thread.java:745)

Compiling build :app to "target/cljsbuild/public/js/app.js" from ["src/cljs" "src/cljc" "env/dev/cljs"]...
[32mSuccessfully compiled build :app to "target/cljsbuild/public/js/app.js" in 4.434 seconds.[0m
notifying browser that file changed:  target/cljsbuild/public/js/out/goog/deps.js
notifying browser that file changed:  target/cljsbuild/public/js/out/cljs_deps.js
notifying browser that file changed:  target/cljsbuild/public/js/out/quickfrontend/views.js
Compiling build :app to "target/cljsbuild/public/js/app.js" from ["src/cljs" "src/cljc" "env/dev/cljs"]...
[32mSuccessfully compiled build :app to "target/cljsbuild/public/js/app.js" in 2.688 seconds.[0m
notifying browser that file changed:  target/cljsbuild/public/js/out/quickfrontend/views.js
Compiling build :app to "target/cljsbuild/public/js/app.js" from ["src/cljs" "src/cljc" "env/dev/cljs"]...
[32mSuccessfully compiled build :app to "target/cljsbuild/public/js/app.js" in 2.74 seconds.[0m
notifying browser that file changed:  target/cljsbuild/public/js/out/quickfrontend/views.js
Compiling build :app to "target/cljsbuild/public/js/app.js" from ["src/cljs" "src/cljc" "env/dev/cljs"]...
[32mSuccessfully compiled build :app to "target/cljsbuild/public/js/app.js" in 5.135 seconds.[0m
notifying browser that file changed:  target/cljsbuild/public/js/out/landschaften/core.js
Compiling build :app to "target/cljsbuild/public/js/app.js" from ["src/cljs" "src/cljc" "env/dev/cljs"]...
[32mSuccessfully compiled build :app to "target/cljsbuild/public/js/app.js" in 9.058 seconds.[0m
notifying browser that file changed:  target/cljsbuild/public/js/out/goog/deps.js
notifying browser that file changed:  target/cljsbuild/public/js/out/cljs_deps.js
notifying browser that file changed:  target/cljsbuild/public/js/out/landschaften/core.js
Compiling build :app to "target/cljsbuild/public/js/app.js" from ["src/cljs" "src/cljc" "env/dev/cljs"]...
[32mSuccessfully compiled build :app to "target/cljsbuild/public/js/app.js" in 4.112 seconds.[0m
notifying browser that file changed:  target/cljsbuild/public/js/out/landschaften/core.js
Compiling build :app to "target/cljsbuild/public/js/app.js" from ["src/cljs" "src/cljc" "env/dev/cljs"]...
[32mSuccessfully compiled build :app to "target/cljsbuild/public/js/app.js" in 7.439 seconds.[0m
notifying browser that file changed:  target/cljsbuild/public/js/out/goog/deps.js
notifying browser that file changed:  target/cljsbuild/public/js/out/cljs_deps.js
notifying browser that file changed:  target/cljsbuild/public/js/out/landschaften/core.js
